f:\xenon\xenon\x64\debug\vc143.pdb
f:\xenon\xenon\x64\debug\vc143.idb
f:\xenon\xenon\x64\debug\xe_main.obj
f:\xenon\xenon\x64\debug\xcpu.obj
f:\xenon\xenon\x64\debug\ppcinterpreter.obj
f:\xenon\xenon\x64\debug\powerpc_system.obj
f:\xenon\xenon\x64\debug\powerpc_programcontrol.obj
f:\xenon\xenon\x64\debug\powerpc_load_store.obj
f:\xenon\xenon\x64\debug\powerpc_instruction.obj
f:\xenon\xenon\x64\debug\mmu.obj
f:\xenon\xenon\x64\debug\interpreter_helpers.obj
f:\xenon\xenon\x64\debug\interpreter_alu.obj
f:\xenon\xenon\x64\debug\uart.obj
f:\xenon\xenon\x64\debug\ram.obj
f:\xenon\xenon\x64\debug\postbus.obj
f:\xenon\xenon\x64\debug\smc.obj
f:\xenon\xenon\x64\debug\pcibus.obj
f:\xenon\xenon\x64\debug\nand.obj
f:\xenon\xenon\x64\debug\bus.obj
f:\xenon\xenon\x64\debug\xenon.ilk
f:\xenon\x64\debug\xenon.exe
f:\xenon\x64\debug\xenon.pdb
f:\xenon\xenon\x64\debug\xenon.tlog\cl.command.1.tlog
f:\xenon\xenon\x64\debug\xenon.tlog\cl.items.tlog
f:\xenon\xenon\x64\debug\xenon.tlog\cl.read.1.tlog
f:\xenon\xenon\x64\debug\xenon.tlog\cl.write.1.tlog
f:\xenon\xenon\x64\debug\xenon.tlog\link.command.1.tlog
f:\xenon\xenon\x64\debug\xenon.tlog\link.read.1.tlog
f:\xenon\xenon\x64\debug\xenon.tlog\link.write.1.tlog
